2024-01-07 12:08:02,063 [1] INFO  DeCryptoWPF.App -         =============  Started Logging  =============        
2024-01-07 12:11:50,048 [1] INFO  DeCryptoWPF.App -         =============  Started Logging  =============        
2024-01-07 13:26:15,558 [1] INFO  DeCryptoWPF.App -         =============  Started Logging  =============        
2024-01-07 13:32:41,455 [1] INFO  DeCryptoWPF.App -         =============  Started Logging  =============        
2024-01-07 13:36:58,727 [1] INFO  DeCryptoWPF.App -         =============  Started Logging  =============        
2024-01-07 13:51:43,116 [1] INFO  DeCryptoWPF.App -         =============  Started Logging  =============        
2024-01-07 14:05:23,552 [1] INFO  DeCryptoWPF.App -         =============  Started Logging  =============        
2024-01-07 14:08:15,788 [1] INFO  DeCryptoWPF.App -         =============  Started Logging  =============        
2024-01-07 14:33:24,996 [1] INFO  DeCryptoWPF.App -         =============  Started Logging  =============        
2024-01-07 14:33:41,076 [1] ERROR DeCryptoWPF.SignIn - System.ServiceModel.EndpointNotFoundException: No se pudo conectar a net.tcp://localhost:8081/AccountService. La duración del intento de conexión fue de 00:00:04.0420890. Código de error TCP 10061: No se puede establecer una conexión ya que el equipo de destino denegó expresamente dicha conexión 127.0.0.1:8081.  ---> System.Net.Sockets.SocketException: No se puede establecer una conexión ya que el equipo de destino denegó expresamente dicha conexión 127.0.0.1:8081
   en System.Net.Sockets.Socket.DoConnect(EndPoint endPointSnapshot, SocketAddress socketAddress)
   en System.Net.Sockets.Socket.Connect(EndPoint remoteEP)
   en System.ServiceModel.Channels.SocketConnectionInitiator.Connect(Uri uri, TimeSpan timeout)
   --- Fin del seguimiento de la pila de la excepción interna ---

Server stack trace: 
   en System.ServiceModel.Channels.SocketConnectionInitiator.Connect(Uri uri, TimeSpan timeout)
   en System.ServiceModel.Channels.BufferedConnectionInitiator.Connect(Uri uri, TimeSpan timeout)
   en System.ServiceModel.Channels.ConnectionPoolHelper.EstablishConnection(TimeSpan timeout)
   en System.ServiceModel.Channels.ClientFramingDuplexSessionChannel.OnOpen(TimeSpan timeout)
   en System.ServiceModel.Channels.CommunicationObject.Open(TimeSpan timeout)
   en System.ServiceModel.Channels.ServiceChannel.OnOpen(TimeSpan timeout)
   en System.ServiceModel.Channels.CommunicationObject.Open(TimeSpan timeout)
   en System.ServiceModel.Channels.ServiceChannel.CallOpenOnce.System.ServiceModel.Channels.ServiceChannel.ICallOnce.Call(ServiceChannel channel, TimeSpan timeout)
   en System.ServiceModel.Channels.ServiceChannel.CallOnceManager.CallOnce(TimeSpan timeout, CallOnceManager cascade)
   en System.ServiceModel.Channels.ServiceChannel.Call(String action, Boolean oneway, ProxyOperationRuntime operation, Object[] ins, Object[] outs, TimeSpan timeout)
   en System.ServiceModel.Channels.ServiceChannelProxy.InvokeService(IMethodCallMessage methodCall, ProxyOperationRuntime operation)
   en System.ServiceModel.Channels.ServiceChannelProxy.Invoke(IMessage message)

Exception rethrown at [0]: 
   en System.Runtime.Remoting.Proxies.RealProxy.HandleReturnMessage(IMessage reqMsg, IMessage retMsg)
   en System.Runtime.Remoting.Proxies.RealProxy.PrivateInvoke(MessageData& msgData, Int32 type)
   en DeCryptoWPF.DeCryptoServices.IAccountServices.Login(Account account)
   en DeCryptoWPF.DeCryptoServices.AccountServicesClient.Login(Account account) en C:\Users\danse\Desktop\DeCrypto\DeCrypto\DeCryptoWPF\Connected Services\DeCryptoServices\Reference.cs:línea 833
   en DeCryptoWPF.SignIn.Button_SignIn_SignIn_Click(Object sender, RoutedEventArgs e) en C:\Users\danse\Desktop\DeCrypto\DeCrypto\DeCryptoWPF\SignIn.xaml.cs:línea 61
2024-01-07 14:33:56,389 [1] ERROR DeCryptoWPF.SignIn - System.ServiceModel.CommunicationObjectFaultedException: El objeto de comunicación, System.ServiceModel.Channels.ServiceChannel, no se puede usar para la comunicación porque se encuentra en el estado Faulted.

Server stack trace: 
   en System.ServiceModel.Channels.CommunicationObject.ThrowIfDisposedOrNotOpen()
   en System.ServiceModel.Channels.ServiceChannel.Call(String action, Boolean oneway, ProxyOperationRuntime operation, Object[] ins, Object[] outs, TimeSpan timeout)
   en System.ServiceModel.Channels.ServiceChannelProxy.InvokeService(IMethodCallMessage methodCall, ProxyOperationRuntime operation)
   en System.ServiceModel.Channels.ServiceChannelProxy.Invoke(IMessage message)

Exception rethrown at [0]: 
   en System.Runtime.Remoting.Proxies.RealProxy.HandleReturnMessage(IMessage reqMsg, IMessage retMsg)
   en System.Runtime.Remoting.Proxies.RealProxy.PrivateInvoke(MessageData& msgData, Int32 type)
   en DeCryptoWPF.DeCryptoServices.IAccountServices.Login(Account account)
   en DeCryptoWPF.DeCryptoServices.AccountServicesClient.Login(Account account) en C:\Users\danse\Desktop\DeCrypto\DeCrypto\DeCryptoWPF\Connected Services\DeCryptoServices\Reference.cs:línea 833
   en DeCryptoWPF.SignIn.Button_SignIn_SignIn_Click(Object sender, RoutedEventArgs e) en C:\Users\danse\Desktop\DeCrypto\DeCrypto\DeCryptoWPF\SignIn.xaml.cs:línea 61
2024-01-07 14:37:09,627 [1] INFO  DeCryptoWPF.App -         =============  Started Logging  =============        
2024-01-07 14:42:13,280 [1] INFO  DeCryptoWPF.App -         =============  Started Logging  =============        
2024-01-07 14:46:24,513 [1] INFO  DeCryptoWPF.App -         =============  Started Logging  =============        
2024-01-07 14:51:30,870 [1] INFO  DeCryptoWPF.App -         =============  Started Logging  =============        
2024-01-07 15:04:41,297 [1] INFO  DeCryptoWPF.App -         =============  Started Logging  =============        
2024-01-07 15:23:04,987 [1] INFO  DeCryptoWPF.App -         =============  Started Logging  =============        
2024-01-07 15:25:10,212 [1] INFO  DeCryptoWPF.App -         =============  Started Logging  =============        
2024-01-07 20:04:56,442 [1] INFO  DeCryptoWPF.App -         =============  Started Logging  =============        
2024-01-07 20:07:52,076 [1] INFO  DeCryptoWPF.App -         =============  Started Logging  =============        
2024-01-07 20:20:31,795 [1] INFO  DeCryptoWPF.App -         =============  Started Logging  =============        
2024-01-07 20:45:43,283 [1] INFO  DeCryptoWPF.App -         =============  Started Logging  =============        
2024-01-07 20:46:30,491 [1] INFO  DeCryptoWPF.App -         =============  Started Logging  =============        
2024-01-07 21:01:17,973 [1] INFO  DeCryptoWPF.App -         =============  Started Logging  =============        
2024-01-07 21:02:28,912 [1] INFO  DeCryptoWPF.App -         =============  Started Logging  =============        
2024-01-07 21:09:48,797 [1] INFO  DeCryptoWPF.App -         =============  Started Logging  =============        
2024-01-07 21:10:49,051 [1] INFO  DeCryptoWPF.App -         =============  Started Logging  =============        
2024-01-07 21:14:38,372 [1] INFO  DeCryptoWPF.App -         =============  Started Logging  =============        
2024-01-07 21:15:49,737 [1] INFO  DeCryptoWPF.App -         =============  Started Logging  =============        
2024-01-07 21:56:20,433 [1] INFO  DeCryptoWPF.App -         =============  Started Logging  =============        
2024-01-07 21:57:06,068 [1] INFO  DeCryptoWPF.App -         =============  Started Logging  =============        
2024-01-07 21:59:21,619 [1] INFO  DeCryptoWPF.App -         =============  Started Logging  =============        
2024-01-07 22:00:13,019 [1] INFO  DeCryptoWPF.App -         =============  Started Logging  =============        
2024-01-07 22:08:04,157 [1] INFO  DeCryptoWPF.App -         =============  Started Logging  =============        
2024-01-07 22:09:04,033 [1] INFO  DeCryptoWPF.App -         =============  Started Logging  =============        
2024-01-07 22:26:46,115 [1] INFO  DeCryptoWPF.App -         =============  Started Logging  =============        
2024-01-07 22:27:44,042 [1] INFO  DeCryptoWPF.App -         =============  Started Logging  =============        
2024-01-07 22:29:58,828 [1] INFO  DeCryptoWPF.App -         =============  Started Logging  =============        
2024-01-07 22:30:41,124 [1] INFO  DeCryptoWPF.App -         =============  Started Logging  =============        
2024-01-07 22:44:41,454 [1] INFO  DeCryptoWPF.App -         =============  Started Logging  =============        
2024-01-07 22:46:03,802 [1] INFO  DeCryptoWPF.App -         =============  Started Logging  =============        
2024-01-07 23:03:20,104 [1] INFO  DeCryptoWPF.App -         =============  Started Logging  =============        
2024-01-07 23:04:24,285 [1] INFO  DeCryptoWPF.App -         =============  Started Logging  =============        
2024-01-07 23:18:16,442 [1] INFO  DeCryptoWPF.App -         =============  Started Logging  =============        
2024-01-07 23:19:41,392 [1] INFO  DeCryptoWPF.App -         =============  Started Logging  =============        
2024-01-07 23:21:23,511 [1] INFO  DeCryptoWPF.App -         =============  Started Logging  =============        
2024-01-07 23:22:27,891 [1] INFO  DeCryptoWPF.App -         =============  Started Logging  =============        
2024-01-07 23:26:04,615 [1] INFO  DeCryptoWPF.App -         =============  Started Logging  =============        
2024-01-07 23:26:58,500 [1] INFO  DeCryptoWPF.App -         =============  Started Logging  =============        
2024-01-07 23:32:41,665 [1] INFO  DeCryptoWPF.App -         =============  Started Logging  =============        
2024-01-07 23:33:40,795 [1] INFO  DeCryptoWPF.App -         =============  Started Logging  =============        
2024-01-07 23:50:16,520 [1] INFO  DeCryptoWPF.App -         =============  Started Logging  =============        
2024-01-07 23:52:50,479 [1] INFO  DeCryptoWPF.App -         =============  Started Logging  =============        
